
> Configure project :
Build was configured to prefer settings repositories over project repositories but repository 'Google' was added by build file 'build.gradle'
Build was configured to prefer settings repositories over project repositories but repository 'MavenRepo' was added by build file 'build.gradle'
Build was configured to prefer settings repositories over project repositories but repository 'Google' was added by build file 'build.gradle'
Build was configured to prefer settings repositories over project repositories but repository 'MavenRepo' was added by build file 'build.gradle'

> Task :app:preBuild UP-TO-DATE
> Task :app:preDebugBuild UP-TO-DATE
> Task :app:generateDebugBuildConfig UP-TO-DATE
> Task :app:checkDebugAarMetadata UP-TO-DATE
> Task :app:generateDebugResValues UP-TO-DATE
> Task :app:mapDebugSourceSetPaths UP-TO-DATE
> Task :app:generateDebugResources UP-TO-DATE
> Task :app:mergeDebugResources UP-TO-DATE
> Task :app:packageDebugResources UP-TO-DATE
> Task :app:parseDebugLocalResources UP-TO-DATE
> Task :app:createDebugCompatibleScreenManifests UP-TO-DATE
> Task :app:extractDeepLinksDebug UP-TO-DATE
> Task :app:processDebugMainManifest UP-TO-DATE
> Task :app:processDebugManifest UP-TO-DATE
> Task :app:processDebugManifestForPackage UP-TO-DATE
> Task :app:processDebugResources UP-TO-DATE
> Task :app:kspDebugKotlin UP-TO-DATE

> Task :app:compileDebugKotlin FAILED
e: file:///Users/ajitreddy/Engineering/Projets/TalkAR/TalkAR%20-/mobile-app/app/src/main/java/com/talkar/app/ar/video/backend/BackendVideoFetcherImpl.kt:57:23 Type mismatch: inferred type is TalkingPhotoError.GenerationFailed but Throwable was expected
e: file:///Users/ajitreddy/Engineering/Projets/TalkAR/TalkAR%20-/mobile-app/app/src/main/java/com/talkar/app/ar/video/backend/BackendVideoFetcherImpl.kt:92:32 Type mismatch: inferred type is TalkingPhotoError.BackendUnavailable but Throwable was expected
e: file:///Users/ajitreddy/Engineering/Projets/TalkAR/TalkAR%20-/mobile-app/app/src/main/java/com/talkar/app/ar/video/backend/BackendVideoFetcherImpl.kt:120:23 Type mismatch: inferred type is TalkingPhotoError.DownloadFailed but Throwable was expected
e: file:///Users/ajitreddy/Engineering/Projets/TalkAR/TalkAR%20-/mobile-app/app/src/main/java/com/talkar/app/ar/video/backend/BackendVideoFetcherImpl.kt:126:47 Type mismatch: inferred type is TalkingPhotoError.DownloadFailed but Throwable was expected
e: file:///Users/ajitreddy/Engineering/Projets/TalkAR/TalkAR%20-/mobile-app/app/src/main/java/com/talkar/app/ar/video/backend/BackendVideoFetcherImpl.kt:165:22 Incompatible types: TalkingPhotoError.DownloadFailed and kotlin.Exception /* = java.lang.Exception */
e: file:///Users/ajitreddy/Engineering/Projets/TalkAR/TalkAR%20-/mobile-app/app/src/main/java/com/talkar/app/ar/video/backend/BackendVideoFetcherImpl.kt:168:32 Type mismatch: inferred type is TalkingPhotoError.DownloadFailed but Throwable was expected
e: file:///Users/ajitreddy/Engineering/Projets/TalkAR/TalkAR%20-/mobile-app/app/src/main/java/com/talkar/app/ar/video/backend/BackendVideoFetcherImpl.kt:208:25 Type mismatch: inferred type is TalkingPhotoError.GenerationFailed but Throwable was expected
e: file:///Users/ajitreddy/Engineering/Projets/TalkAR/TalkAR%20-/mobile-app/app/src/main/java/com/talkar/app/ar/video/backend/BackendVideoFetcherImpl.kt:217:29 Type mismatch: inferred type is TalkingPhotoError.GenerationFailed but Throwable was expected
e: file:///Users/ajitreddy/Engineering/Projets/TalkAR/TalkAR%20-/mobile-app/app/src/main/java/com/talkar/app/ar/video/cache/VideoCacheImpl.kt:48:21 Type mismatch: inferred type is TalkingPhotoError.CacheCorrupted but Throwable was expected
e: file:///Users/ajitreddy/Engineering/Projets/TalkAR/TalkAR%20-/mobile-app/app/src/main/java/com/talkar/app/ar/video/cache/VideoCacheImpl.kt:208:26 Return type of 'clear' is not a subtype of the return type of the overridden member 'public abstract suspend fun clear(): Unit defined in com.talkar.app.ar.video.cache.VideoCache'
e: file:///Users/ajitreddy/Engineering/Projets/TalkAR/TalkAR%20-/mobile-app/app/src/main/java/com/talkar/app/ui/components/TalkARView.kt:20:26 Unresolved reference: ARVideoOverlay
e: file:///Users/ajitreddy/Engineering/Projets/TalkAR/TalkAR%20-/mobile-app/app/src/main/java/com/talkar/app/ui/components/TalkARView.kt:68:28 Not enough information to infer type variable T
e: file:///Users/ajitreddy/Engineering/Projets/TalkAR/TalkAR%20-/mobile-app/app/src/main/java/com/talkar/app/ui/components/TalkARView.kt:68:60 Unresolved reference: ARVideoOverlay
e: file:///Users/ajitreddy/Engineering/Projets/TalkAR/TalkAR%20-/mobile-app/app/src/main/java/com/talkar/app/ui/components/TalkARView.kt:71:27 Property delegate must have a 'getValue(Nothing?, KProperty<*>)' method. None of the following functions is suitable: 
public inline operator fun <T> State<Nothing?>.getValue(thisObj: Any?, property: KProperty<*>): Nothing? defined in androidx.compose.runtime
e: file:///Users/ajitreddy/Engineering/Projets/TalkAR/TalkAR%20-/mobile-app/app/src/main/java/com/talkar/app/ui/components/TalkARView.kt:71:27 Property delegate must have a 'setValue(Nothing?, KProperty<*>, [Error type: Error delegation type for remember { mutableStateOf<ARVideoOverlay?>(null) }])' method. None of the following functions is suitable: 
public inline operator fun <T> MutableState<Nothing?>.setValue(thisObj: Any?, property: KProperty<*>, value: Nothing?): Unit defined in androidx.compose.runtime
e: file:///Users/ajitreddy/Engineering/Projets/TalkAR/TalkAR%20-/mobile-app/app/src/main/java/com/talkar/app/ui/components/TalkARView.kt:71:53 Unresolved reference: ARVideoOverlay
e: file:///Users/ajitreddy/Engineering/Projets/TalkAR/TalkAR%20-/mobile-app/app/src/main/java/com/talkar/app/ui/components/TalkARView.kt:72:28 Property delegate must have a 'getValue(Nothing?, KProperty<*>)' method. None of the following functions is suitable: 
public inline operator fun <T> State<Nothing?>.getValue(thisObj: Any?, property: KProperty<*>): Nothing? defined in androidx.compose.runtime
e: file:///Users/ajitreddy/Engineering/Projets/TalkAR/TalkAR%20-/mobile-app/app/src/main/java/com/talkar/app/ui/components/TalkARView.kt:72:28 Property delegate must have a 'setValue(Nothing?, KProperty<*>, [Error type: Error delegation type for remember { mutableStateOf<ARVideoOverlay.OverlayPosition?>(null) }])' method. None of the following functions is suitable: 
public inline operator fun <T> MutableState<Nothing?>.setValue(thisObj: Any?, property: KProperty<*>, value: Nothing?): Unit defined in androidx.compose.runtime
e: file:///Users/ajitreddy/Engineering/Projets/TalkAR/TalkAR%20-/mobile-app/app/src/main/java/com/talkar/app/ui/components/TalkARView.kt:72:54 Unresolved reference: ARVideoOverlay
e: file:///Users/ajitreddy/Engineering/Projets/TalkAR/TalkAR%20-/mobile-app/app/src/main/java/com/talkar/app/ui/components/TalkARView.kt:76:31 Cannot infer a type for this parameter. Please specify it explicitly.
e: file:///Users/ajitreddy/Engineering/Projets/TalkAR/TalkAR%20-/mobile-app/app/src/main/java/com/talkar/app/ui/components/TalkARView.kt:79:36 Suspension functions can be called only within coroutine body
e: file:///Users/ajitreddy/Engineering/Projets/TalkAR/TalkAR%20-/mobile-app/app/src/main/java/com/talkar/app/ui/components/TalkARView.kt:83:40 Suspension functions can be called only within coroutine body
e: file:///Users/ajitreddy/Engineering/Projets/TalkAR/TalkAR%20-/mobile-app/app/src/main/java/com/talkar/app/ui/components/TalkARView.kt:106:52 Cannot infer a type for this parameter. Please specify it explicitly.
e: file:///Users/ajitreddy/Engineering/Projets/TalkAR/TalkAR%20-/mobile-app/app/src/main/java/com/talkar/app/ui/components/TalkARView.kt:114:29 Variable expected
e: file:///Users/ajitreddy/Engineering/Projets/TalkAR/TalkAR%20-/mobile-app/app/src/main/java/com/talkar/app/ui/components/TalkARView.kt:118:29 Variable expected
e: file:///Users/ajitreddy/Engineering/Projets/TalkAR/TalkAR%20-/mobile-app/app/src/main/java/com/talkar/app/ui/components/TalkARView.kt:118:46 Cannot infer a type for this parameter. Please specify it explicitly.
e: file:///Users/ajitreddy/Engineering/Projets/TalkAR/TalkAR%20-/mobile-app/app/src/main/java/com/talkar/app/ui/components/TalkARView.kt:211:32 Cannot infer a type for this parameter. Please specify it explicitly.
e: file:///Users/ajitreddy/Engineering/Projets/TalkAR/TalkAR%20-/mobile-app/app/src/main/java/com/talkar/app/ui/components/TalkARView.kt:212:35 Cannot infer a type for this parameter. Please specify it explicitly.
e: file:///Users/ajitreddy/Engineering/Projets/TalkAR/TalkAR%20-/mobile-app/app/src/main/java/com/talkar/app/ui/components/TalkARView.kt:213:17 @Composable invocations can only happen from the context of a @Composable function
e: file:///Users/ajitreddy/Engineering/Projets/TalkAR/TalkAR%20-/mobile-app/app/src/main/java/com/talkar/app/ui/components/TalkARView.kt:234:42 Unresolved reference: ARVideoOverlay
e: file:///Users/ajitreddy/Engineering/Projets/TalkAR/TalkAR%20-/mobile-app/app/src/main/java/com/talkar/app/ui/components/TalkARView.kt:243:67 Unresolved reference: ARVideoOverlay
e: file:///Users/ajitreddy/Engineering/Projets/TalkAR/TalkAR%20-/mobile-app/app/src/main/java/com/talkar/app/ui/components/TalkARView.kt:345:25 Functions which invoke @Composable functions must be marked with the @Composable annotation
e: file:///Users/ajitreddy/Engineering/Projets/TalkAR/TalkAR%20-/mobile-app/app/src/main/java/com/talkar/app/ui/components/TalkARView.kt:347:56 Unresolved reference: ARVideoOverlay
e: file:///Users/ajitreddy/Engineering/Projets/TalkAR/TalkAR%20-/mobile-app/app/src/main/java/com/talkar/app/ui/components/TalkARView.kt:348:42 Unresolved reference: ARVideoOverlay
e: file:///Users/ajitreddy/Engineering/Projets/TalkAR/TalkAR%20-/mobile-app/app/src/main/java/com/talkar/app/ui/components/TalkARView.kt:377:35 @Composable invocations can only happen from the context of a @Composable function
e: file:///Users/ajitreddy/Engineering/Projets/TalkAR/TalkAR%20-/mobile-app/app/src/main/java/com/talkar/app/ui/components/TalkARView.kt:377:50 Type mismatch: inferred type is Context! but String was expected
e: file:///Users/ajitreddy/Engineering/Projets/TalkAR/TalkAR%20-/mobile-app/app/src/main/java/com/talkar/app/ui/components/TalkARView.kt:377:59 Type mismatch: inferred type is AugmentedImage! but Boolean was expected
e: file:///Users/ajitreddy/Engineering/Projets/TalkAR/TalkAR%20-/mobile-app/app/src/main/java/com/talkar/app/ui/components/TalkARView.kt:407:57 Cannot infer a type for this parameter. Please specify it explicitly.

FAILURE: Build failed with an exception.

* What went wrong:
Execution failed for task ':app:compileDebugKotlin'.
> A failure occurred while executing org.jetbrains.kotlin.compilerRunner.GradleCompilerRunnerWithWorkers$GradleKotlinCompilerWorkAction
   > Compilation error. See log for more details

* Try:
> Run with --stacktrace option to get the stack trace.
> Run with --info or --debug option to get more log output.
> Run with --scan to get full insights.
> Get more help at https://help.gradle.org.

Deprecated Gradle features were used in this build, making it incompatible with Gradle 9.0.

You can use '--warning-mode all' to show the individual deprecation warnings and determine if they come from your own scripts or plugins.

For more on this, please refer to https://docs.gradle.org/8.9/userguide/command_line_interface.html#sec:command_line_warnings in the Gradle documentation.

BUILD FAILED in 2s
16 actionable tasks: 1 executed, 15 up-to-date
